2020-11-18 08:56:23,751 [Worker-8: Loading available Gradle versions] INFO  o.e.b.c.i.u.g.PublishedGradleVersions - Gradle version information cache is up-to-date. Trying to read.
2020-11-18 08:56:49,113 [Worker-12: Importing Maven projects] INFO  o.e.m.c.i.l.LifecycleMappingFactory - Using org.eclipse.m2e.jdt.JarLifecycleMapping lifecycle mapping for MavenProject: org.generation:blogPessoal:0.0.1-SNAPSHOT @ C:\Users\beatr\Desktop\GENERATION\blogpessoal-deploy\blogpessoal\pom.xml.
2020-11-18 08:56:53,711 [Worker-12: Importing Maven projects] INFO  o.e.m.j.i.AbstractJavaProjectConfigurator - Adding source folder /blogpessoal/src/main/java
2020-11-18 08:56:53,712 [Worker-12: Importing Maven projects] INFO  o.e.m.j.i.AbstractJavaProjectConfigurator - Adding resource folder /blogpessoal/src/main/resources
2020-11-18 08:56:53,720 [Worker-12: Importing Maven projects] INFO  o.e.m.j.i.AbstractJavaProjectConfigurator - Adding resource folder /blogpessoal/src/main/resources
2020-11-18 08:56:53,728 [Worker-12: Importing Maven projects] INFO  o.e.m.j.i.AbstractJavaProjectConfigurator - Adding source folder /blogpessoal/src/test/java
2020-11-18 08:56:57,824 [Worker-12: Importing Maven projects] INFO  o.e.m.c.i.p.ProjectConfigurationManager - Imported and configured 1 project(s) in 13 sec
2020-11-18 08:57:00,552 [Worker-11: Building] INFO  o.e.m.c.i.embedder.EclipseLogger - Using 'UTF-8' encoding to copy filtered resources.
2020-11-18 08:57:00,558 [Worker-11: Building] INFO  o.e.m.c.i.embedder.EclipseLogger - Copying 1 resource
2020-11-18 08:57:00,579 [Worker-11: Building] INFO  o.e.m.c.i.embedder.EclipseLogger - Copying 8 resources
2020-11-18 08:57:00,628 [Worker-11: Building] INFO  o.e.m.c.i.embedder.EclipseLogger - Using 'UTF-8' encoding to copy filtered resources.
2020-11-18 08:57:00,628 [Worker-11: Building] INFO  o.e.m.c.i.embedder.EclipseLogger - skip non existing resourceDirectory C:\Users\beatr\Desktop\GENERATION\blogpessoal-deploy\blogpessoal\src\test\resources
2020-11-18 08:57:24,534 [Worker-8: Building] INFO  o.e.m.c.i.embedder.EclipseLogger - Using 'UTF-8' encoding to copy filtered resources.
2020-11-18 08:57:24,535 [Worker-8: Building] INFO  o.e.m.c.i.embedder.EclipseLogger - Copying 0 resource
2020-11-18 08:57:24,536 [Worker-8: Building] INFO  o.e.m.c.i.embedder.EclipseLogger - Copying 0 resource
2020-11-18 08:57:24,537 [Worker-8: Building] INFO  o.e.m.c.i.embedder.EclipseLogger - Using 'UTF-8' encoding to copy filtered resources.
2020-11-18 08:57:24,537 [Worker-8: Building] INFO  o.e.m.c.i.embedder.EclipseLogger - skip non existing resourceDirectory C:\Users\beatr\Desktop\GENERATION\blogpessoal-deploy\blogpessoal\src\test\resources
2020-11-18 08:57:33,478 [Worker-11: Building] INFO  o.e.m.c.i.embedder.EclipseLogger - Using 'UTF-8' encoding to copy filtered resources.
2020-11-18 08:57:33,482 [Worker-11: Building] INFO  o.e.m.c.i.embedder.EclipseLogger - Copying 1 resource
2020-11-18 08:57:33,486 [Worker-11: Building] INFO  o.e.m.c.i.embedder.EclipseLogger - Copying 8 resources
2020-11-18 08:57:33,490 [Worker-11: Building] INFO  o.e.m.c.i.embedder.EclipseLogger - Using 'UTF-8' encoding to copy filtered resources.
2020-11-18 08:57:33,490 [Worker-11: Building] INFO  o.e.m.c.i.embedder.EclipseLogger - skip non existing resourceDirectory C:\Users\beatr\Desktop\GENERATION\blogpessoal-deploy\blogpessoal\src\test\resources
2020-11-18 08:57:34,593 [Worker-6: Building] INFO  o.e.m.c.i.embedder.EclipseLogger - Using 'UTF-8' encoding to copy filtered resources.
2020-11-18 08:57:34,593 [Worker-6: Building] INFO  o.e.m.c.i.embedder.EclipseLogger - Copying 0 resource
2020-11-18 08:57:34,594 [Worker-6: Building] INFO  o.e.m.c.i.embedder.EclipseLogger - Copying 0 resource
2020-11-18 08:57:34,596 [Worker-6: Building] INFO  o.e.m.c.i.embedder.EclipseLogger - Using 'UTF-8' encoding to copy filtered resources.
2020-11-18 08:57:34,597 [Worker-6: Building] INFO  o.e.m.c.i.embedder.EclipseLogger - skip non existing resourceDirectory C:\Users\beatr\Desktop\GENERATION\blogpessoal-deploy\blogpessoal\src\test\resources
2020-11-18 08:57:45,603 [Worker-7: Building] INFO  o.e.m.c.i.embedder.EclipseLogger - Using 'UTF-8' encoding to copy filtered resources.
2020-11-18 08:57:45,606 [Worker-7: Building] INFO  o.e.m.c.i.embedder.EclipseLogger - Copying 1 resource
2020-11-18 08:57:45,610 [Worker-7: Building] INFO  o.e.m.c.i.embedder.EclipseLogger - Copying 8 resources
2020-11-18 08:57:45,615 [Worker-7: Building] INFO  o.e.m.c.i.embedder.EclipseLogger - Using 'UTF-8' encoding to copy filtered resources.
2020-11-18 08:57:45,615 [Worker-7: Building] INFO  o.e.m.c.i.embedder.EclipseLogger - skip non existing resourceDirectory C:\Users\beatr\Desktop\GENERATION\blogpessoal-deploy\blogpessoal\src\test\resources
2020-11-18 08:58:30,125 [Worker-9: Building] INFO  o.e.m.c.i.embedder.EclipseLogger - Using 'UTF-8' encoding to copy filtered resources.
2020-11-18 08:58:30,128 [Worker-9: Building] INFO  o.e.m.c.i.embedder.EclipseLogger - Copying 1 resource
2020-11-18 08:58:30,132 [Worker-9: Building] INFO  o.e.m.c.i.embedder.EclipseLogger - Copying 8 resources
2020-11-18 08:58:30,136 [Worker-9: Building] INFO  o.e.m.c.i.embedder.EclipseLogger - Using 'UTF-8' encoding to copy filtered resources.
2020-11-18 08:58:30,137 [Worker-9: Building] INFO  o.e.m.c.i.embedder.EclipseLogger - skip non existing resourceDirectory C:\Users\beatr\Desktop\GENERATION\blogpessoal-deploy\blogpessoal\src\test\resources
2020-11-18 09:01:04,682 [Worker-15: Building] INFO  o.e.m.c.i.embedder.EclipseLogger - Using 'UTF-8' encoding to copy filtered resources.
2020-11-18 09:01:04,685 [Worker-15: Building] INFO  o.e.m.c.i.embedder.EclipseLogger - Copying 1 resource
2020-11-18 09:01:04,689 [Worker-15: Building] INFO  o.e.m.c.i.embedder.EclipseLogger - Copying 8 resources
2020-11-18 09:01:04,692 [Worker-15: Building] INFO  o.e.m.c.i.embedder.EclipseLogger - Using 'UTF-8' encoding to copy filtered resources.
2020-11-18 09:01:04,692 [Worker-15: Building] INFO  o.e.m.c.i.embedder.EclipseLogger - skip non existing resourceDirectory C:\Users\beatr\Desktop\GENERATION\blogpessoal-deploy\blogpessoal\src\test\resources
